mkdir -p ./results/nangate45/swerv_wrapper/swerv_wrapper_run_1_1_1 ./logs/nangate45/swerv_wrapper/swerv_wrapper_run_1_1_1 ./reports/nangate45/swerv_wrapper/swerv_wrapper_run_1_1_1 ./objects/nangate45/swerv_wrapper/swerv_wrapper_run_1_1_1
(env time -f 'Elapsed time: %E[h:]min:sec. CPU time: user %U sys %S (%P). Peak memory: %MKB.' /opt/oss-cad-suite/bin/yosys -v 3 -c /work/CSE291/project/CSE291_PROJECT/new_workspace/flow/scripts/synth_canonicalize.tcl) 2>&1 | tee /work/CSE291/project/CSE291_PROJECT/new_workspace/flow/logs/nangate45/swerv_wrapper/swerv_wrapper_run_1_1_1/1_1_yosys_canonicalize.log
ERROR: TCL interpreter returned an error: can't read "::env(VERILOG_FILES)": no such variable
Command exited with non-zero status 1
Elapsed time: 0:00.13[h:]min:sec. CPU time: user 0.10 sys 0.01 (96%). Peak memory: 12172KB.
make[1]: *** [Makefile:293: do-yosys-canonicalize] Error 1
make: *** [Makefile:296: results/nangate45/swerv_wrapper/swerv_wrapper_run_1_1_1/1_synth.rtlil] Error 2
